0 info it worked if it ends with ok
1 verbose cli [ '/Users/jbaylina/n/bin/iojs',
1 verbose cli   '/Users/jbaylina/n/bin/npm',
1 verbose cli   'publish' ]
2 info using npm@2.14.3
3 info using node@v4.1.0
4 verbose publish [ '.' ]
5 silly cache add args [ '.', null ]
6 verbose cache add spec .
7 silly cache add parsed spec Result {
7 silly cache add   raw: '.',
7 silly cache add   scope: null,
7 silly cache add   name: null,
7 silly cache add   rawSpec: '.',
7 silly cache add   spec: '/Users/jbaylina/git/masterutils',
7 silly cache add   type: 'directory' }
8 verbose addLocalDirectory /Users/jbaylina/.npm/masterutils/1.0.1/package.tgz not in flight; packing
9 verbose tar pack [ '/Users/jbaylina/.npm/masterutils/1.0.1/package.tgz',
9 verbose tar pack   '/Users/jbaylina/git/masterutils' ]
10 verbose tarball /Users/jbaylina/.npm/masterutils/1.0.1/package.tgz
11 verbose folder /Users/jbaylina/git/masterutils
12 info prepublish masterutils@1.0.1
13 verbose addLocalTarball adding from inside cache /Users/jbaylina/.npm/masterutils/1.0.1/package.tgz
14 silly cache afterAdd masterutils@1.0.1
15 verbose afterAdd /Users/jbaylina/.npm/masterutils/1.0.1/package/package.json not in flight; writing
16 verbose afterAdd /Users/jbaylina/.npm/masterutils/1.0.1/package/package.json written
17 silly publish { name: 'masterutils',
17 silly publish   version: '1.0.1',
17 silly publish   description: 'masterASP basic javascript utilities',
17 silly publish   main: 'src/masterutils.js',
17 silly publish   scripts: { test: 'echo "Error: no test specified" && exit 1' },
17 silly publish   author: { name: 'Jordi Baylina' },
17 silly publish   license: 'Unlicense',
17 silly publish   devDependencies:
17 silly publish    { browserify: '^11.0.1',
17 silly publish      'browserify-shim': '^3.8.10',
17 silly publish      gulp: '^3.9.0',
17 silly publish      'gulp-browserify': '^0.5.1' },
17 silly publish   dependencies: { lodash: '^3.10.1', 'moment-timezone': '^0.4.0' },
17 silly publish   browserify: { transform: [ 'browserify-shim' ] },
17 silly publish   'browserify-shim':
17 silly publish    { lodash: 'global:_',
17 silly publish      'moment-timezone': 'global:moment',
17 silly publish      moment: 'global:moment' },
17 silly publish   readme: '# masterutils\n',
17 silly publish   readmeFilename: 'README.md',
17 silly publish   gitHead: 'ae7e245e379242d1927180d2d31dcbbfd2bcc3bf',
17 silly publish   _id: 'masterutils@1.0.1',
17 silly publish   _shasum: '3747944fcf376c8cd3dd71cd986991c67178dfce',
17 silly publish   _from: '.' }
18 verbose getPublishConfig undefined
19 silly mapToRegistry name masterutils
20 silly mapToRegistry using default registry
21 silly mapToRegistry registry https://registry.npmjs.org/
22 silly mapToRegistry uri https://registry.npmjs.org/masterutils
23 verbose publish registryBase https://registry.npmjs.org/
24 silly publish uploading /Users/jbaylina/.npm/masterutils/1.0.1/package.tgz
25 verbose request uri https://registry.npmjs.org/masterutils
26 verbose request sending authorization for write operation
27 info attempt registry request try #1 at 10:48:05 AM
28 verbose request using bearer token for auth
29 verbose request id a696d1b671ae8c42
30 http request PUT https://registry.npmjs.org/masterutils
31 http 403 https://registry.npmjs.org/masterutils
32 verbose headers { 'content-type': 'application/json',
32 verbose headers   'cache-control': 'max-age=60',
32 verbose headers   'content-length': '95',
32 verbose headers   'accept-ranges': 'bytes',
32 verbose headers   date: 'Mon, 19 Oct 2015 08:48:08 GMT',
32 verbose headers   via: '1.1 varnish',
32 verbose headers   connection: 'keep-alive',
32 verbose headers   'x-served-by': 'cache-ams4134-AMS',
32 verbose headers   'x-cache': 'MISS',
32 verbose headers   'x-cache-hits': '0',
32 verbose headers   'x-timer': 'S1445244487.226368,VS0,VE1496' }
33 verbose request invalidating /Users/jbaylina/.npm/registry.npmjs.org/masterutils on PUT
34 error publish Failed PUT 403
35 verbose stack Error: "You cannot publish over the previously published version 1.0.1." : masterutils
35 verbose stack     at makeError (/Users/jbaylina/n/lib/node_modules/npm/node_modules/npm-registry-client/lib/request.js:263:12)
35 verbose stack     at CachingRegistryClient.<anonymous> (/Users/jbaylina/n/lib/node_modules/npm/node_modules/npm-registry-client/lib/request.js:251:14)
35 verbose stack     at Request._callback (/Users/jbaylina/n/lib/node_modules/npm/node_modules/npm-registry-client/lib/request.js:171:14)
35 verbose stack     at Request.self.callback (/Users/jbaylina/n/lib/node_modules/npm/node_modules/request/request.js:198:22)
35 verbose stack     at emitTwo (events.js:87:13)
35 verbose stack     at Request.emit (events.js:172:7)
35 verbose stack     at Request.<anonymous> (/Users/jbaylina/n/lib/node_modules/npm/node_modules/request/request.js:1073:14)
35 verbose stack     at emitOne (events.js:82:20)
35 verbose stack     at Request.emit (events.js:169:7)
35 verbose stack     at IncomingMessage.<anonymous> (/Users/jbaylina/n/lib/node_modules/npm/node_modules/request/request.js:1019:12)
36 verbose statusCode 403
37 verbose pkgid masterutils
38 verbose cwd /Users/jbaylina/git/masterutils
39 error Darwin 14.5.0
40 error argv "/Users/jbaylina/n/bin/iojs" "/Users/jbaylina/n/bin/npm" "publish"
41 error node v4.1.0
42 error npm  v2.14.3
43 error code E403
44 error "You cannot publish over the previously published version 1.0.1." : masterutils
45 error If you need help, you may report this error at:
45 error     <https://github.com/npm/npm/issues>
46 verbose exit [ 1, true ]
